<?xml version="1.0" encoding="UTF-8"?>
<testsuite xmlns:xsi="http://www.w3.org/2001/XMLSchema-instance" xsi:noNamespaceSchemaLocation="https://maven.apache.org/surefire/maven-surefire-plugin/xsd/surefire-test-report-3.0.xsd" version="3.0" name="prueba.MySpringBootApplicationTest" time="7.047" tests="1" errors="1" skipped="0" failures="0">
  <properties>
[...]
</properties>
  <testcase name="test" classname="prueba.MySpringBootApplicationTest" time="0.747">
    <error type="java.lang.IllegalArgumentException"><![CDATA[java.lang.IllegalArgumentException: Cannot advice route as route with id: hello does not exists
	at prueba.MySpringBootApplicationTest.test(MySpringBootApplicationTest.java:27)
]]></error>
    <system-out><![CDATA[09:42:56.091 [main] DEBUG org.springframework.test.context.BootstrapUtils - Instantiating CacheAwareContextLoaderDelegate from class [org.springframework.test.context.cache.DefaultCacheAwareContextLoaderDelegate]
09:42:56.105 [main] DEBUG org.springframework.test.context.BootstrapUtils - Instantiating BootstrapContext using constructor [public org.springframework.test.context.support.DefaultBootstrapContext(java.lang.Class,org.springframework.test.context.CacheAwareContextLoaderDelegate)]
09:42:56.143 [main] DEBUG org.springframework.test.context.BootstrapUtils - Instantiating TestContextBootstrapper for test class [prueba.MySpringBootApplicationTest] from class [org.springframework.boot.test.context.SpringBootTestContextBootstrapper]
09:42:56.156 [main] INFO org.springframework.boot.test.context.SpringBootTestContextBootstrapper - Neither @ContextConfiguration nor @ContextHierarchy found for test class [prueba.MySpringBootApplicationTest], using SpringBootContextLoader
09:42:56.160 [main] DEBUG org.springframework.test.context.support.AbstractContextLoader - Did not detect default resource location for test class [prueba.MySpringBootApplicationTest]: class path resource [prueba/MySpringBootApplicationTest-context.xml] does not exist
09:42:56.162 [main] DEBUG org.springframework.test.context.support.AbstractContextLoader - Did not detect default resource location for test class [prueba.MySpringBootApplicationTest]: class path resource [prueba/MySpringBootApplicationTestContext.groovy] does not exist
09:42:56.162 [main] INFO org.springframework.test.context.support.AbstractContextLoader - Could not detect default resource locations for test class [prueba.MySpringBootApplicationTest]: no resource found for suffixes {-context.xml, Context.groovy}.
09:42:56.163 [main] INFO org.springframework.test.context.support.AnnotationConfigContextLoaderUtils - Could not detect default configuration classes for test class [prueba.MySpringBootApplicationTest]: MySpringBootApplicationTest does not declare any static, non-private, non-final, nested classes annotated with @Configuration.
09:42:56.215 [main] DEBUG org.springframework.test.context.support.ActiveProfilesUtils - Could not find an 'annotation declaring class' for annotation type [org.springframework.test.context.ActiveProfiles] and class [prueba.MySpringBootApplicationTest]
09:42:56.290 [main] DEBUG org.springframework.context.annotation.ClassPathScanningCandidateComponentProvider - Identified candidate component class: file [C:\Users\Usuario\Documents\Workspace Spring Tool Suite\prueba-camel\target\classes\prueba\MySpringBootApplication.class]
09:42:56.292 [main] INFO org.springframework.boot.test.context.SpringBootTestContextBootstrapper - Found @SpringBootConfiguration prueba.MySpringBootApplication for test class prueba.MySpringBootApplicationTest
09:42:56.385 [main] DEBUG org.springframework.boot.test.context.SpringBootTestContextBootstrapper - Merging default listeners with listeners configured via @TestExecutionListeners for class [prueba.MySpringBootApplicationTest].
09:42:56.385 [main] INFO org.springframework.boot.test.context.SpringBootTestContextBootstrapper - Loaded default TestExecutionListener class names from location [META-INF/spring.factories]: [org.springframework.boot.test.mock.mockito.MockitoTestExecutionListener, org.springframework.boot.test.mock.mockito.ResetMocksTestExecutionListener, org.springframework.boot.test.autoconfigure.restdocs.RestDocsTestExecutionListener, org.springframework.boot.test.autoconfigure.web.client.MockRestServiceServerResetTestExecutionListener, org.springframework.boot.test.autoconfigure.web.servlet.MockMvcPrintOnlyOnFailureTestExecutionListener, org.springframework.boot.test.autoconfigure.web.servlet.WebDriverTestExecutionListener, org.springframework.boot.test.autoconfigure.webservices.client.MockWebServiceServerTestExecutionListener, org.springframework.test.context.web.ServletTestExecutionListener, org.springframework.test.context.support.DirtiesContextBeforeModesTestExecutionListener, org.springframework.test.context.event.ApplicationEventsTestExecutionListener, org.springframework.test.context.support.DependencyInjectionTestExecutionListener, org.springframework.test.context.support.DirtiesContextTestExecutionListener, org.springframework.test.context.transaction.TransactionalTestExecutionListener, org.springframework.test.context.jdbc.SqlScriptsTestExecutionListener, org.springframework.test.context.event.EventPublishingTestExecutionListener]
09:42:56.408 [main] INFO org.springframework.boot.test.context.SpringBootTestContextBootstrapper - Using TestExecutionListeners: [org.apache.camel.test.spring.junit5.CamelSpringTestContextLoaderTestExecutionListener@2f666ebb, org.apache.camel.test.spring.junit5.CamelSpringBootExecutionListener@19976a65, org.apache.camel.test.spring.junit5.StopWatchTestExecutionListener@a1f72f5, org.springframework.test.context.web.ServletTestExecutionListener@4b2c5e02, org.springframework.test.context.support.DirtiesContextBeforeModesTestExecutionListener@57a3e26a, org.springframework.test.context.event.ApplicationEventsTestExecutionListener@75c56eb9, org.springframework.boot.test.mock.mockito.MockitoTestExecutionListener@4bc222e, org.springframework.boot.test.autoconfigure.SpringBootDependencyInjectionTestExecutionListener@2dc9b0f5, org.springframework.test.context.support.DirtiesContextTestExecutionListener@6531a794, org.springframework.test.context.transaction.TransactionalTestExecutionListener@3b5fad2d, org.springframework.test.context.jdbc.SqlScriptsTestExecutionListener@5e17553a, org.springframework.test.context.event.EventPublishingTestExecutionListener@3eb91815, org.springframework.boot.test.mock.mockito.ResetMocksTestExecutionListener@56dc1551, org.springframework.boot.test.autoconfigure.restdocs.RestDocsTestExecutionListener@102cec62, org.springframework.boot.test.autoconfigure.web.client.MockRestServiceServerResetTestExecutionListener@74f6c5d8, org.springframework.boot.test.autoconfigure.web.servlet.MockMvcPrintOnlyOnFailureTestExecutionListener@27912e3, org.springframework.boot.test.autoconfigure.web.servlet.WebDriverTestExecutionListener@34b9f960, org.springframework.boot.test.autoconfigure.webservices.client.MockWebServiceServerTestExecutionListener@43015c69]
09:42:56.452 [main] DEBUG org.springframework.test.context.support.AbstractDirtiesContextTestExecutionListener - Before test class: context [DefaultTestContext@6a47b187 testClass = MySpringBootApplicationTest, testInstance = [null], testMethod = [null], testException = [null], mergedContextConfiguration = [WebMergedContextConfiguration@2049a9c1 testClass = MySpringBootApplicationTest, locations = '{}', classes = '{class prueba.MySpringBootApplication}', contextInitializerClasses = '[]', activeProfiles = '{}', propertySourceLocations = '{}', propertySourceProperties = '{org.springframework.boot.test.context.SpringBootTestContextBootstrapper=true}', contextCustomizers = set[org.springframework.boot.test.context.filter.ExcludeFilterContextCustomizer@6db9f5a4, org.springframework.boot.test.json.DuplicateJsonObjectContextCustomizerFactory$DuplicateJsonObjectContextCustomizer@1ebd319f, org.springframework.boot.test.mock.mockito.MockitoContextCustomizer@0, org.springframework.boot.test.web.client.TestRestTemplateContextCustomizer@fa36558, org.springframework.boot.test.autoconfigure.actuate.metrics.MetricsExportContextCustomizerFactory$DisableMetricExportContextCustomizer@3e96bacf, org.springframework.boot.test.autoconfigure.properties.PropertyMappingContextCustomizer@0, org.springframework.boot.test.autoconfigure.web.servlet.WebDriverContextCustomizerFactory$Customizer@3cc1435c, org.springframework.boot.test.context.SpringBootTestArgs@1, org.springframework.boot.test.context.SpringBootTestWebEnvironment@7d70d1b1], resourceBasePath = 'src/main/webapp', contextLoader = 'org.springframework.boot.test.context.SpringBootContextLoader', parent = [null]], attributes = map['org.springframework.test.context.web.ServletTestExecutionListener.activateListener' -> true]], class annotated with @DirtiesContext [false] with mode [null].
09:42:56.463 [main] INFO org.apache.camel.test.spring.junit5.CamelSpringBootExecutionListener - CamelSpringBootExecutionListener preparing: class prueba.MySpringBootApplicationTest
09:42:56.466 [main] INFO org.apache.camel.test.spring.junit5.CamelAnnotationsHandler - Disabling Camel JMX globally for tests by default.  Use the DisableJMX annotation to override the default setting.
09:42:56.489 [main] DEBUG org.springframework.test.context.support.TestPropertySourceUtils - Adding inlined properties to environment: {spring.jmx.enabled=false, org.springframework.boot.test.context.SpringBootTestContextBootstrapper=true}

  .   ____          _            __ _ _
 /\\ / ___'_ __ _ _(_)_ __  __ _ \ \ \ \
( ( )\___ | '_ | '_| | '_ \/ _` | \ \ \ \
 \\/  ___)| |_)| | | | | || (_| |  ) ) ) )
  '  |____| .__|_| |_|_| |_\__, | / / / /
 =========|_|==============|___/=/_/_/_/
 :: Spring Boot ::                (v2.5.1)

2021-11-11 09:42:56.752  INFO 39200 --- [           main] prueba.MySpringBootApplicationTest       : Starting MySpringBootApplicationTest using Java 1.8.0_301 on DESKTOP-PGC6HRR with PID 39200 (started by Usuario in C:\Users\Usuario\Documents\Workspace Spring Tool Suite\prueba-camel)
2021-11-11 09:42:56.756  INFO 39200 --- [           main] prueba.MySpringBootApplicationTest       : No active profile set, falling back to default profiles: default
2021-11-11 09:42:57.911  INFO 39200 --- [           main] .s.d.r.c.RepositoryConfigurationDelegate : Bootstrapping Spring Data JPA repositories in DEFAULT mode.
2021-11-11 09:42:57.931  INFO 39200 --- [           main] .s.d.r.c.RepositoryConfigurationDelegate : Finished Spring Data repository scanning in 11 ms. Found 0 JPA repository interfaces.
2021-11-11 09:42:58.808  INFO 39200 --- [           main] i.a.s.boot.AgroalDataSource              : Started DataSource ed2166df-b042-4e6e-a501-00abc287951b connected to jdbc:h2:mem:testdb
2021-11-11 09:42:59.234  INFO 39200 --- [           main] o.hibernate.jpa.internal.util.LogHelper  : HHH000204: Processing PersistenceUnitInfo [name: default]
2021-11-11 09:42:59.305  INFO 39200 --- [           main] org.hibernate.Version                    : HHH000412: Hibernate ORM core version 5.4.32.Final
2021-11-11 09:42:59.505  INFO 39200 --- [           main] o.hibernate.annotations.common.Version   : HCANN000001: Hibernate Commons Annotations {5.1.2.Final}
2021-11-11 09:42:59.647  INFO 39200 --- [           main] org.hibernate.dialect.Dialect            : HHH000400: Using dialect: org.hibernate.dialect.H2Dialect
2021-11-11 09:42:59.982  INFO 39200 --- [           main] o.h.e.t.j.p.i.JtaPlatformInitiator       : HHH000490: Using JtaPlatform implementation: [org.hibernate.engine.transaction.jta.platform.internal.NoJtaPlatform]
2021-11-11 09:42:59.992  INFO 39200 --- [           main] j.LocalContainerEntityManagerFactoryBean : Initialized JPA EntityManagerFactory for persistence unit 'default'
2021-11-11 09:43:00.312  WARN 39200 --- [           main] JpaBaseConfiguration$JpaWebConfiguration : spring.jpa.open-in-view is enabled by default. Therefore, database queries may be performed during view rendering. Explicitly configure spring.jpa.open-in-view to disable this warning
2021-11-11 09:43:02.102  INFO 39200 --- [           main] o.s.b.a.e.web.EndpointLinksResolver      : Exposing 2 endpoint(s) beneath base path '/actuator'
2021-11-11 09:43:02.261  INFO 39200 --- [           main] prueba.MySpringBootApplicationTest       : Started MySpringBootApplicationTest in 5.763 seconds (JVM running for 6.73)
2021-11-11 09:43:02.267  INFO 39200 --- [           main] o.a.c.t.s.j.CamelAnnotationsHandler      : Setting shutdown timeout to [10 SECONDS] on CamelContext with name [camelContext].
2021-11-11 09:43:02.319  INFO 39200 --- [           main] c.t.s.j.CamelSpringBootExecutionListener : CamelSpringBootExecutionListener before: class prueba.MySpringBootApplicationTest.test
2021-11-11 09:43:02.320  INFO 39200 --- [           main] c.t.s.j.CamelSpringBootExecutionListener : Initialized CamelSpringBootExecutionListener now ready to start CamelContext
2021-11-11 09:43:02.321  INFO 39200 --- [           main] o.a.c.t.s.j.CamelAnnotationsHandler      : Starting CamelContext with name [camelContext].
2021-11-11 09:43:02.599  INFO 39200 --- [           main] o.a.c.i.e.AutowiredLifecycleStrategy     : Autowired property: dataSource on component: sql as exactly one instance of type: javax.sql.DataSource (io.agroal.springframework.boot.AgroalDataSource) found in the registry
2021-11-11 09:43:02.925  INFO 39200 --- [           main] o.a.c.i.e.DefaultStreamCachingStrategy   : StreamCaching in use with spool directory: C:\Users\Usuario\AppData\Local\Temp\camel\camel-tmp-80FC43A8EDC5E4B-0000000000000000 and rules: [Spool > 128K body size]
2021-11-11 09:43:02.936  INFO 39200 --- [           main] o.a.c.impl.engine.AbstractCamelContext   : Routes startup summary (total:6 started:6)
2021-11-11 09:43:02.936  INFO 39200 --- [           main] o.a.c.impl.engine.AbstractCamelContext   :     Started route1 (rest://get:users:/listar)
2021-11-11 09:43:02.936  INFO 39200 --- [           main] o.a.c.impl.engine.AbstractCamelContext   :     Started route2 (rest://get:users:/%7Bid%7D)
2021-11-11 09:43:02.936  INFO 39200 --- [           main] o.a.c.impl.engine.AbstractCamelContext   :     Started route3 (rest://post:users:/guardar)
2021-11-11 09:43:02.936  INFO 39200 --- [           main] o.a.c.impl.engine.AbstractCamelContext   :     Started route4 (rest://delete:users:/%7Bid%7D)
2021-11-11 09:43:02.936  INFO 39200 --- [           main] o.a.c.impl.engine.AbstractCamelContext   :     Started route5 (rest://put:users:/%7Bid%7D)
2021-11-11 09:43:02.936  INFO 39200 --- [           main] o.a.c.impl.engine.AbstractCamelContext   :     Started route6 (rest://patch:users:/%7Bid%7D)
2021-11-11 09:43:02.937  INFO 39200 --- [           main] o.a.c.impl.engine.AbstractCamelContext   : Apache Camel 3.11.0 (MyCamel) started in 711ms (build:96ms init:592ms start:23ms)
2021-11-11 09:43:03.055  INFO 39200 --- [           main] prueba.MySpringBootApplicationTest       : ********************************************************************************
2021-11-11 09:43:03.056  INFO 39200 --- [           main] prueba.MySpringBootApplicationTest       : Testing done: test (prueba.MySpringBootApplicationTest)
2021-11-11 09:43:03.056  INFO 39200 --- [           main] prueba.MySpringBootApplicationTest       : Took: 116ms (116 millis)
2021-11-11 09:43:03.056  INFO 39200 --- [           main] prueba.MySpringBootApplicationTest       : ********************************************************************************
2021-11-11 09:43:03.056  INFO 39200 --- [           main] c.t.s.j.CamelSpringBootExecutionListener : CamelSpringBootExecutionListener after: class prueba.MySpringBootApplicationTest.test
]]></system-out>
  </testcase>
</testsuite>